Arguments: 
  C:\Program Files\nodejs\node.exe C:\Users\esouza\AppData\Roaming\npm\node_modules\yarn\bin\yarn.js

PATH: 
  C:\Program Files (x86)\Common Files\Oracle\Java\java8path;C:\Program Files (x86)\Common Files\Oracle\Java\javapath;C:\Windows\system32;C:\Windows;C:\Windows\System32\Wbem;C:\Windows\System32\WindowsPowerShell\v1.0\;C:\Windows\System32\OpenSSH\;C:\Program Files (x86)\NVIDIA Corporation\PhysX\Common;C:\Program Files\NVIDIA Corporation\NVIDIA NvDLISR;C:\Program Files\dotnet\;C:\Program Files\GitHub CLI\;C:\Program Files\PuTTY\;C:\WINDOWS\system32;C:\WINDOWS;C:\WINDOWS\System32\Wbem;C:\WINDOWS\System32\WindowsPowerShell\v1.0\;C:\WINDOWS\System32\OpenSSH\;C:\Users\esouza\AppData\Roaming\npm;C:\Users\esouza.AQSLHYQ3M3\AppData\Roaming\nvm;C:\Program Files\nodejs;C:\Program Files\Git\cmd;C:\Program Files\Docker\Docker\resources\bin;C:\Users\esouza\AppData\Local\Microsoft\WindowsApps;C:\Users\esouza\AppData\Local\Programs\Microsoft VS Code\bin;C:\Users\esouza\.dotnet\tools;C:\Users\esouza\AppData\Local\gitkraken\bin;C:\Users\esouza\AppData\Local\Programs\Git\cmd;C:\Users\esouza\AppData\Local\Google\Cloud SDK\google-cloud-sdk\bin;C:\Users\esouza\AppData\Local\Microsoft\WindowsApps

Yarn version: 
  1.22.19

Node version: 
  20.17.0

Platform: 
  win32 x64

Trace: 
  Error: ENOENT: no such file or directory, copyfile 'C:\Users\esouza\AppData\Local\Yarn\Cache\v6\npm-glob-parent-6.0.2-6d237d99083950c79290f24c7642a3de9a28f9e3-integrity\node_modules\glob-parent\LICENSE' -> 'C:\repos\react-exercise\node_modules\eslint\node_modules\glob-parent\LICENSE'

npm manifest: 
  {
    "name": "react_exercise",
    "version": "0.0.0",
    "type": "module",
    "main": "./dist/react_exercise.cjs.js",
    "module": "./dist/react_exercise.es.mjs",
    "types": "dist/main.d.ts",
    "exports": {
      ".": {
        "types": "./dist/main.d.ts",
        "import": "./dist/react_exercise.es.mjs",
        "require": "./dist/react_exercise.cjs.js"
      }
    },
    "engines": {
      "node": "^20.9.0"
    },
    "files": [
      "dist"
    ],
    "scripts": {
      "dev": "vite",
      "test": "vitest",
      "lint": "eslint src --report-unused-disable-directives --max-warnings 0",
      "prettier:check": "prettier --check src",
      "build": "vite build ",
      "preview": "vite preview",
      "mock": "json-server db.json -p 3001"
    },
    "dependencies": {
      "react": "18.3.1",
      "react-dom": "18.3.1"
    },
    "devDependencies": {
      "@testing-library/jest-dom": "6.4.5",
      "@testing-library/react": "15.0.7",
      "@testing-library/user-event": "14.5.2",
      "@types/node": "20.12.12",
      "@types/react": "18.3.2",
      "@types/react-dom": "18.3.0",
      "@vitejs/plugin-react": "4.2.1",
      "@vitest/coverage-istanbul": "1.6.0",
      "eslint": "8.56.0",
      "jsdom": "24.0.0",
      "json-server": "1.0.0-beta.0",
      "prettier": "3.2.5",
      "typescript": "5.3.3",
      "vite": "5.2.11",
      "vite-bundle-visualizer": "1.2.1",
      "vite-plugin-checker": "0.6.4",
      "vite-plugin-svgr": "4.2.0",
      "vitest": "1.6.0"
    }
  }

yarn manifest: 
  No manifest

Lockfile: 
  No lockfile
